<?xml version="1.0" encoding="UTF-8"?>
<!-- Generated by org.testng.reporters.JUnitXMLReporter -->
<testsuite hostname="LAPTOP-GIDCD0H3" name="Registration Test" tests="2" failures="0" timestamp="24 Jul 2018 12:15:16 GMT" time="14.821" errors="0">
  <testcase name="registrationTest" time="1.815" classname="com.tsrtc.registration.testscripts.RegistrationTest"/>
  <testcase name="registrationTest" time="1.63" classname="com.tsrtc.registration.testscripts.RegistrationTest"/>
</testsuite> <!-- Registration Test -->
