<?xml version="1.0" encoding="UTF-8"?>
<testng-results skipped="0" failed="0" total="2" passed="2">
  <reporter-output>
  </reporter-output>
  <suite name="Tsrtc Suite" duration-ms="14821" started-at="2018-07-24T12:15:01Z" finished-at="2018-07-24T12:15:16Z">
    <groups>
    </groups>
    <test name="Registration Test" duration-ms="14821" started-at="2018-07-24T12:15:01Z" finished-at="2018-07-24T12:15:16Z">
      <class name="com.tsrtc.registration.testscripts.RegistrationTest">
        <test-method status="PASS" signature="beforeClass()[pri:0, instance:com.tsrtc.registration.testscripts.RegistrationTest@1d56113]" name="beforeClass" is-config="true" duration-ms="5237" started-at="2018-07-24T17:45:01Z" finished-at="2018-07-24T17:45:06Z">
          <reporter-output>
          </reporter-output>
        </test-method> <!-- beforeClass -->
        <test-method status="PASS" signature="registrationTest(java.util.LinkedHashMap)[pri:0, instance:com.tsrtc.registration.testscripts.RegistrationTest@1d56113]" name="registrationTest" duration-ms="1815" started-at="2018-07-24T17:45:06Z" data-provider="getData" finished-at="2018-07-24T17:45:08Z">
          <params>
            <param index="0">
              <value>
                <![CDATA[{address1=Medplus, address2=Main Road, city=Hyderabad, postalCode=500071, idCardNumber=H2029021, issueAuthority=Passport Team, gender=FEMALE, nationalityId=INDIAN, idCardType=PASSPORT}]]>
              </value>
            </param>
          </params>
          <reporter-output>
          </reporter-output>
        </test-method> <!-- registrationTest -->
        <test-method status="PASS" signature="registrationTest(java.util.LinkedHashMap)[pri:0, instance:com.tsrtc.registration.testscripts.RegistrationTest@1d56113]" name="registrationTest" duration-ms="1630" started-at="2018-07-24T17:45:08Z" data-provider="getData" finished-at="2018-07-24T17:45:10Z">
          <params>
            <param index="0">
              <value>
                <![CDATA[{address1=Gokul Plots, address2=SR Residency, city=Hyderabad, postalCode=500072, idCardNumber=H2029025, issueAuthority=Passport Team, gender=MALE, nationalityId=INDIAN, idCardType=PASSPORT}]]>
              </value>
            </param>
          </params>
          <reporter-output>
          </reporter-output>
        </test-method> <!-- registrationTest -->
        <test-method status="PASS" signature="afterClass()[pri:0, instance:com.tsrtc.registration.testscripts.RegistrationTest@1d56113]" name="afterClass" is-config="true" duration-ms="5685" started-at="2018-07-24T17:45:10Z" finished-at="2018-07-24T17:45:16Z">
          <reporter-output>
          </reporter-output>
        </test-method> <!-- afterClass -->
      </class> <!-- com.tsrtc.registration.testscripts.RegistrationTest -->
    </test> <!-- Registration Test -->
  </suite> <!-- Tsrtc Suite -->
</testng-results>
